<?xml version="1.0" encoding="UTF-8"?>
<testng-results ignored="0" total="1" passed="1" failed="0" skipped="0">
  <reporter-output>
  </reporter-output>
  <suite started-at="2022-11-29T21:41:35 IST" name="Default suite" finished-at="2022-11-29T21:41:43 IST" duration-ms="7954">
    <groups>
    </groups>
    <test started-at="2022-11-29T21:41:35 IST" name="Default test" finished-at="2022-11-29T21:41:43 IST" duration-ms="7954">
      <class name="sample.SimpleConcatination">
        <test-method signature="method1()[pri:0, instance:sample.SimpleConcatination@fba92d3]" started-at="2022-11-29T21:41:35 IST" name="method1" finished-at="2022-11-29T21:41:43 IST" duration-ms="7926" status="PASS">
          <reporter-output>
          </reporter-output>
        </test-method> <!-- method1 -->
      </class> <!-- sample.SimpleConcatination -->
    </test> <!-- Default test -->
  </suite> <!-- Default suite -->
</testng-results>
