<?xml version="1.0" encoding="UTF-8"?>
<testng-results ignored="0" total="1" passed="1" failed="0" skipped="0">
  <reporter-output>
  </reporter-output>
  <suite started-at="2022-11-29T22:09:37 IST" name="Suite" finished-at="2022-11-29T22:09:50 IST" duration-ms="12689">
    <groups>
    </groups>
    <test started-at="2022-11-29T22:09:37 IST" name="concatTest" finished-at="2022-11-29T22:09:50 IST" duration-ms="12689">
      <class name="sample.SimpleConcatination">
        <test-method signature="method1()[pri:0, instance:sample.SimpleConcatination@fba92d3]" started-at="2022-11-29T22:09:37 IST" name="method1" finished-at="2022-11-29T22:09:50 IST" duration-ms="12654" status="PASS">
          <reporter-output>
          </reporter-output>
        </test-method> <!-- method1 -->
      </class> <!-- sample.SimpleConcatination -->
    </test> <!-- concatTest -->
  </suite> <!-- Suite -->
</testng-results>
